<?xml version="1.0" encoding="UTF-8"?>
<!-- Generated by org.testng.reporters.JUnitReportReporter -->
<testsuite hostname="nycpusagolube.local" name="test.nestle.ContactForm.Firefox" tests="1" failures="0" timestamp="22 May 2014 21:53:15 GMT" time="31.294" errors="0">
  <testcase name="testMe" time="31.294" classname="test.nestle.ContactForm.Firefox"/>
</testsuite>
