<?xml version="1.0" encoding="UTF-8"?>
<!-- Generated by org.testng.reporters.JUnitReportReporter -->
<testsuite hostname="nycpusagolube.local" name="com.nestle.test.ContactFormChrome" tests="2" failures="0" timestamp="22 May 2014 16:35:25 GMT" time="74.897" errors="0">
  <testcase name="testMe" time="33.820" classname="com.nestle.test.ContactFormChrome"/>
  <testcase name="testMe" time="41.077" classname="com.nestle.test.ContactFormChrome"/>
</testsuite>
