<?xml version="1.0" encoding="UTF-8"?>
<!-- Generated by org.testng.reporters.JUnitReportReporter -->
<testsuite hostname="nycpusagolube.local" name="com.trihonda.test.PageLoads.ContactFormChrome" tests="1" failures="0" timestamp="21 May 2014 22:04:05 GMT" time="30.769" errors="0">
  <testcase name="testMe" time="30.769" classname="com.trihonda.test.PageLoads.ContactFormChrome"/>
</testsuite>
