<?xml version="1.0" encoding="UTF-8"?>
<!-- Generated by org.testng.reporters.JUnitReportReporter -->
<testsuite hostname="nycpusagolube.local" name="com.trihonda.test.PageLoads.DealerQuoteTest" tests="1" failures="0" timestamp="20 May 2014 19:17:41 GMT" time="6.378" errors="0">
  <testcase name="testMe" time="6.378" classname="com.trihonda.test.PageLoads.DealerQuoteTest"/>
</testsuite> <!-- com.trihonda.test.PageLoads.DealerQuoteTest -->
