<?xml version="1.0" encoding="UTF-8"?>
<!-- Generated by org.testng.reporters.JUnitReportReporter -->
<testsuite hostname="nycpusagolube.local" name="com.trihonda.test.PageLoads.ContactFormChrome" tests="1" failures="0" timestamp="22 May 2014 13:54:01 GMT" time="33.766" errors="0">
  <testcase name="testMe" time="33.766" classname="com.trihonda.test.PageLoads.ContactFormChrome"/>
</testsuite>
