<?xml version="1.0" encoding="UTF-8"?>
<!-- Generated by org.testng.reporters.JUnitReportReporter -->
<testsuite hostname="nycpusagolube.local" name="com.nestle.test.ContactFormFirefox" tests="1" failures="0" timestamp="22 May 2014 16:35:25 GMT" time="31.766" errors="0">
  <testcase name="testMe" time="31.766" classname="com.nestle.test.ContactFormFirefox"/>
</testsuite>
