<?xml version="1.0" encoding="UTF-8"?>
<!-- Generated by org.testng.reporters.JUnitReportReporter -->
<testsuite hostname="nycpusagolube.local" name="com.nestle.test.ContactFormChrome" tests="1" failures="0" timestamp="22 May 2014 14:56:45 GMT" time="31.946" errors="0">
  <testcase name="testMe" time="31.946" classname="com.nestle.test.ContactFormChrome"/>
</testsuite>
