<?xml version="1.0" encoding="UTF-8"?>
<!-- Generated by org.testng.reporters.JUnitReportReporter -->
<testsuite hostname="nycpusagolube.local" name="test.nestle.ContactUS" tests="1" failures="0" timestamp="30 May 2014 15:31:17 GMT" time="29.254" errors="0">
  <testcase name="beforeClass" time="29.254" classname="test.nestle.ContactUS"/>
</testsuite>
