<?xml version="1.0" encoding="UTF-8"?>
<!-- Generated by org.testng.reporters.JUnitReportReporter -->
<testsuite hostname="nycpusagolube.local" name="com.trihonda.test.PageLoads.ContactFormChrome" tests="1" failures="0" timestamp="21 May 2014 22:15:35 GMT" time="33.396" errors="0">
  <testcase name="testMe" time="33.396" classname="com.trihonda.test.PageLoads.ContactFormChrome"/>
</testsuite>
