<?xml version="1.0" encoding="UTF-8"?>
<!-- Generated by org.testng.reporters.JUnitReportReporter -->
<testsuite hostname="nycpusagolube.local" name="test.nestle.ContactForm.Chrome" tests="1" failures="0" timestamp="22 May 2014 22:11:38 GMT" time="62.610" errors="0">
  <testcase name="testMe" time="62.610" classname="test.nestle.ContactForm.Chrome"/>
</testsuite>
